Case #1: 33.3333333 66.6666667
Case #2: 0.0000000 100.0000000
Case #3: 25.0000000 25.0000000 25.0000000 25.0000000
Case #4: 34.6666667 26.6666667 38.6666667
Case #5: 10.0000000 10.0000000 10.0000000 10.0000000 10.0000000 10.0000000 10.0000000 10.0000000 10.0000000 10.0000000
Case #6: 12.2448980 12.2448980 12.2448980 12.2448980 12.2448980 12.2448980 12.2448980 0.0000000 12.2448980
Case #7: 12.8534704 17.4807198 14.1388175 16.1953728 18.2519280 20.0514139
Case #8: 13.2743363 27.8761062 0.0000000 28.3185841 29.6460177 0.0000000
Case #9: 50.0000000 50.0000000
Case #10: 75.0000000 25.0000000
Case #11: 13.5632184 13.7931034 14.0229885 14.2528736 14.2528736 1.8390805 13.3333333 13.5632184
Case #12: 0.5154639 0.0000000 32.9896907 32.9896907 32.9896907 32.9896907 0.0000000
Case #13: 33.3333333 66.6666667
Case #14: 11.1111111 11.1111111 11.1111111 11.1111111 11.1111111 11.1111111 11.1111111 11.1111111 11.1111111
Case #15: 0.0000000 100.0000000
Case #16: 0.0000000 100.0000000 100.0000000 100.0000000 100.0000000 100.0000000 100.0000000 100.0000000 100.0000000 100.0000000
Case #17: 0.0000000 25.0000000 0.0000000 25.0000000 24.6031746 0.3968254 0.3968254 25.0000000 24.6031746
Case #18: 0.0000000 24.1496599 24.1496599 0.0000000 0.0000000 24.1496599 24.1496599 0.0000000 24.4897959
Case #19: 6.4024390 12.0426829 8.5365854 10.9756098 6.5548780 6.5548780 10.6707317 12.8048780 8.2317073 16.9207317
Case #20: 24.2253521 0.0000000 0.0000000 20.0000000 20.0000000 0.0000000 0.0000000 20.0000000 20.0000000
