Case #1: 5 1
Case #2: 10 2
Case #3: 25 10
Case #4: 20 25
Case #5: 39 119
Case #6: 45 119
Case #7: 43 246
Case #8: 43 31
Case #9: 19 3
Case #10: 17 128
Case #11: 27 3
Case #12: 81 56
Case #13: 22 16
Case #14: 5 2
Case #15: 7 30
Case #16: 34 56
Case #17: 37 10
Case #18: 28 45
Case #19: 43 246
Case #20: 83 32
Case #21: 20 21
Case #22: 13 3
Case #23: 61 42
Case #24: 18 3
Case #25: 22 10
Case #26: 27 3
Case #27: 75 48
Case #28: 47 189
Case #29: 34 15
Case #30: 44 78
Case #31: 53 93
Case #32: 45 40
Case #33: 23 10
Case #34: 11 1
Case #35: 41 56
Case #36: 20 10
Case #37: 51 50
Case #38: 15 1
Case #39: 49 189
Case #40: 42 78
Case #41: 33 8
Case #42: 41 43
Case #43: 42 254
Case #44: 58 130
Case #45: 24 96
Case #46: 27 10
Case #47: 24 3
Case #48: 22 10
Case #49: 30 56
Case #50: 30 34
Case #51: 12 2
Case #52: 26 3
Case #53: 24 28
Case #54: 27 18
Case #55: 42 119
Case #56: 46 80
Case #57: 9 1
Case #58: 19 10
Case #59: 45 56
Case #60: 24 10
Case #61: 19 3
Case #62: 2 1
Case #63: 26 18
Case #64: 48 100
Case #65: 23 5
Case #66: 34 246
Case #67: 24 96
Case #68: 53 56
Case #69: 2 1
Case #70: 24 31
Case #71: 24 96
Case #72: 10 8
Case #73: 25 21
Case #74: 25 8
Case #75: 27 25
Case #76: 10 3
Case #77: 20 3
Case #78: 43 246
Case #79: 16 8
Case #80: 35 64
Case #81: 9 1
Case #82: 45 38
Case #83: 43 78
Case #84: 22 3
Case #85: 22 7
Case #86: 37 21
Case #87: 11 1
Case #88: 34 119
Case #89: 15 3
Case #90: 83 142
Case #91: 28 9
Case #92: 47 45
Case #93: 55 44
Case #94: 33 19
Case #95: 3 1
Case #96: 17 3
Case #97: 14 3
Case #98: 23 76
Case #99: 33 34
Case #100: 28 3
