Case #1:
0.500000000000
0.500000000000
0.500000000000
Case #2:
0.645833333333
0.368055555556
0.604166666667
0.395833333333
Case #3:
0.449698976890
0.498819099200
0.549805070428
0.580027967456
0.525897488447
0.504319075217
0.484239686064
0.429405145141
0.510249529329
0.446337744505
0.507177943072
0.568535958485
0.558262051199
0.552149377049
0.528432987546
0.543476020349
0.557504714209
0.560419474146
0.583887214939
0.496170118494
0.475709705182
0.565674198513
0.433987287088
0.506574590837
0.495807603312
0.552334198978
0.536266520722
0.528564922255
0.504516556786
0.519925044026
0.494810357741
0.501059492793
0.570366427836
0.425125086767
0.433142987434
0.545805060250
0.528540896452
0.519172640411
0.431836472982
0.478154534189
0.522308743121
0.498481806586
0.426291757567
0.481435773911
0.458281483201
0.548373257028
0.467885260335
0.500107117531
0.491368358440
0.414265450782
0.341821555310
0.528064504050
0.520021522779
0.408289039299
0.538928230710
0.534825314129
0.513154882605
0.505261636008
0.535633899647
0.499052940221
0.452839550986
0.521799700016
0.519392368764
0.499736473710
0.513415968766
0.530280776230
0.477436544922
0.548489061295
0.486606011072
0.547127411724
0.538594601545
0.469801576873
0.439544343665
0.412426235323
0.497096083757
0.385765510666
0.456702762230
Case #4:
0.485182315706
0.514513489244
0.501309187258
0.604472388524
0.471359717831
0.556821923573
0.499831211213
0.450137553300
0.443862327896
0.513182678365
0.528435754633
0.514437231597
0.546756725405
0.409952220306
0.496322632959
0.503678935289
0.596861899580
0.488280834325
0.556495974223
0.420400000501
0.497412625588
0.471182659463
0.481622041402
0.356104658750
0.506441850510
0.485434999591
0.501637691709
0.567411343277
0.559098867136
0.468464542594
0.489151455118
0.530955897741
0.456747034486
0.510574261311
0.619395027966
0.391060729247
Case #5:
0.413859638522
0.549324230421
0.514152203405
0.526484591570
0.545023616975
0.510811766248
0.523733747194
0.516531872196
0.526326823068
0.520265757418
0.489907972940
0.563480820793
0.489433683049
0.491892156953
0.528408055597
0.484683222156
0.498846553297
0.400456789307
0.422815777235
0.555366058198
0.480549637495
0.514891209517
0.512250925210
0.485946261277
0.432956376362
0.561798279701
0.492446026709
0.548068119031
0.487876394577
0.465335713388
0.511089078336
0.455057306315
0.585519411593
0.459964326917
0.522143547282
0.532626193030
0.412093502026
0.454581656767
0.515064955509
0.523342224747
0.555896773330
0.494627544094
0.432070618768
0.537612102715
0.475802677563
0.524035368969
0.508098334116
0.441358837872
0.495871026079
0.514806743858
0.480120622381
0.522272241077
0.528889081388
0.494971434259
0.489337171124
Case #6:
0.410408694728
0.460079365079
0.373611111111
0.630687830688
0.632116874528
0.475272817460
0.438829365079
0.540828373016
0.614537863757
0.633195153061
0.470486111111
0.515833333333
0.406944444444
0.524400510204
0.460896164021
0.546159297052
0.532175925926
0.565046296296
0.423888888889
0.319642857143
0.528287981859
0.471690641534
0.584077380952
0.378422619048
0.416658694728
0.384107851474
0.439930555556
0.434895833333
0.559722222222
0.549305555556
0.527456349206
0.390509259259
0.357153486395
0.487916666667
0.451302083333
0.413750000000
0.410476899093
0.589210069444
0.412909297052
0.522062074830
0.635000000000
0.426026077098
0.498750000000
0.517771400227
0.611746031746
0.482680224868
0.506684027778
0.216964285714
0.538030753968
0.706250000000
0.435094246032
0.462424768519
0.668402777778
0.542230902778
0.387500000000
0.638194444444
0.477666170635
0.626984126984
0.583286800831
0.609027777778
Case #7:
0.477051298187
0.493282622637
0.555145492779
0.538920156216
0.549705048779
0.392084210158
0.452864350381
0.472558300763
0.429733182899
0.505679624424
0.519470968760
0.540509489249
0.444458758222
0.501306258872
0.511509030947
0.459795787420
0.536495831359
0.484137815473
0.554070321116
0.587151669623
0.552831423214
0.502887931554
0.547141214780
0.408755629329
0.539685884536
0.530622685710
0.533048027093
0.445906305292
0.530423696409
0.482197691843
0.492724794073
Case #8:
0.526019271823
0.385768915634
0.578809893373
0.480992880857
0.477090885337
0.555115988812
0.428013645000
0.474567987474
0.363232412643
0.461216558198
0.525176970941
0.473363059713
0.415036087284
0.416755118106
0.581057059631
0.533268486478
0.524355657893
0.441935548628
0.592619834451
0.445907801828
0.602496365068
0.469524392668
0.593094713933
0.547464191788
0.493596930924
0.527883675880
0.603133982509
0.501744220480
0.528842918454
0.524956643885
0.490354642200
0.495800000560
0.549769430937
0.487572662904
0.506680425313
0.520075889166
0.462268537446
0.426787933706
0.609859311892
0.517977579041
0.511739140233
0.503091171209
0.387701344549
0.518299544328
0.450609955305
0.572854214268
Case #9:
0.431366286694
0.527871096252
0.547922940814
0.478179946092
0.483826533322
0.400727939163
0.512191804271
0.532765207266
0.508241064799
0.529551975000
0.468687230217
0.482750943359
0.535728566889
0.562415339404
0.400926217938
0.497185400404
0.503255223252
0.564550591716
0.499236887684
0.544229269917
0.464979245056
0.541532012932
0.507749314996
0.545061548996
0.548093335758
0.526731411596
0.504481912677
0.421800234349
0.399106362059
0.510646165881
0.574438277742
0.474773099481
0.579450015833
0.436053972298
0.537699877823
0.438206367140
0.482157586674
0.538638873055
0.536627718694
0.549713490425
0.476363543498
0.508093318368
0.424838577067
0.531960620158
0.471299453725
0.449868835070
0.531857911332
0.522984224911
0.493602055322
0.538046395511
0.492427448889
0.437333432648
0.434764079410
0.510325323077
0.543501649306
0.543336580966
0.422616651331
0.543932736470
0.483375320917
0.503570304370
0.489890311896
0.525660765019
0.479569955559
0.497997232136
0.525679867396
0.482236493829
0.518849900030
0.531879118556
0.518273542504
0.459924949994
Case #10:
0.454278873512
0.455598767896
0.472921024364
0.592289880786
0.527789412541
0.479468218302
0.485307837642
0.518598577426
0.394212340260
0.389036681703
0.518799319005
0.537249193676
0.534121618488
0.455864872685
0.560875875225
0.532554060925
0.490810045540
0.441678748521
0.503808738894
0.548612364960
0.451799432987
0.456016865289
0.528894415396
0.468584161470
0.544790682099
0.515810611937
0.558068348681
0.396156541098
0.497146112299
0.438981260138
0.491548073605
0.473160582622
0.530661821912
0.510182604925
0.520231698506
0.430146313969
0.521515418376
0.497911711506
0.522989412189
0.518007128221
0.532226971468
0.502219043981
0.460454030708
0.385369517650
0.541787963482
0.564784742019
0.536551044132
0.462424578190
0.496798367542
0.516536425697
0.470607282475
0.557501285700
0.478439185500
0.552221215404
0.579445543136
0.625677849511
0.466924305406
0.539550000504
0.418481474228
0.435471709459
0.529370997301
0.452519478684
0.559991787595
0.553353805375
0.519577216264
0.437753477539
0.517145573492
0.382704845794
0.536258445989
0.543411049295
0.442134406335
0.575037810564
Case #11:
0.625000000000
0.622474747475
0.619949494949
0.617424242424
0.614898989899
0.612373737374
0.609848484848
0.607323232323
0.604797979798
0.602272727273
0.599747474747
0.597222222222
0.594696969697
0.592171717172
0.589646464646
0.587121212121
0.584595959596
0.582070707071
0.579545454545
0.577020202020
0.574494949495
0.571969696970
0.569444444444
0.566919191919
0.564393939394
0.561868686869
0.559343434343
0.556818181818
0.554292929293
0.551767676768
0.549242424242
0.546717171717
0.544191919192
0.541666666667
0.539141414141
0.536616161616
0.534090909091
0.531565656566
0.529040404040
0.526515151515
0.523989898990
0.521464646465
0.518939393939
0.516414141414
0.513888888889
0.511363636364
0.508838383838
0.506313131313
0.503787878788
0.501262626263
0.498737373737
0.496212121212
0.493686868687
0.491161616162
0.488636363636
0.486111111111
0.483585858586
0.481060606061
0.478535353535
0.476010101010
0.473484848485
0.470959595960
0.468434343434
0.465909090909
0.463383838384
0.460858585859
0.458333333333
0.455808080808
0.453282828283
0.450757575758
0.448232323232
0.445707070707
0.443181818182
0.440656565657
0.438131313131
0.435606060606
0.433080808081
0.430555555556
0.428030303030
0.425505050505
0.422979797980
0.420454545455
0.417929292929
0.415404040404
0.412878787879
0.410353535354
0.407828282828
0.405303030303
0.402777777778
0.400252525253
0.397727272727
0.395202020202
0.392676767677
0.390151515152
0.387626262626
0.385101010101
0.382575757576
0.380050505051
0.377525252525
0.375000000000
Case #12:
0.532645089286
0.498604910714
0.627790178571
0.486394557823
0.511904761905
0.468750000000
0.372209821429
0.488095238095
0.513605442177
Case #13:
0.473687753830
0.470196761207
0.461854674958
0.505894042542
0.476980311480
0.520612334915
0.499535019042
0.561251053668
0.414126102917
0.464203044600
0.561365659430
0.515508938901
0.406462173712
0.423909748971
0.525843710428
0.529425497678
0.551084916925
0.547452162179
0.528260606622
0.516244566942
0.443033945463
0.521121994901
0.523556900006
0.579795016581
0.566816422954
0.489361366459
0.575443971162
0.566235150483
0.488982502967
0.526268253936
0.522618041425
0.533661936401
0.536873446980
0.440529303632
0.393875781196
0.490000412109
0.521559574681
0.534619787418
0.433747792715
0.470015198350
0.462643638354
0.517695972356
0.432713859804
0.453235355712
0.446791139055
0.489783012334
0.459318586122
0.546838808918
0.519504125654
0.527957557723
0.388806776017
0.524202618159
0.471280565870
0.527319286360
0.461396741511
0.536039022846
0.526799328308
0.530686256926
0.557879896008
0.398684362697
0.504522659964
0.469381130162
0.414334006372
0.453939193960
0.424819560901
0.535960562479
0.499120380514
0.468505510949
0.514411021163
0.512234386923
0.523370923300
0.482292698419
0.541596199426
0.540673577353
0.490351159666
0.421009121860
0.589485185549
0.515571688224
0.577954387396
0.494525250899
0.504858689088
0.530449732363
0.516626532202
0.575230061778
0.524214683110
0.527039135106
0.511150732322
0.484446545483
0.479758493376
0.545242743901
0.495868925859
0.532572882087
0.548972731486
0.445484868008
0.522086444107
0.525413580399
0.460973538777
0.496791527817
0.421845897665
0.556817110911
Case #14:
0.556509424353
0.480867073793
0.519705025291
0.448512444171
0.534208942993
0.563529764638
0.560445574697
0.507685759106
0.487773682223
0.447639187816
0.477865649993
0.449132408697
0.497322413697
0.538215893219
0.454264179423
0.487180228797
0.569819685610
0.455922625238
0.498478191632
0.469517298132
Case #15:
0.617424242424
0.395202020202
0.481060606061
0.564393939394
0.526515151515
0.496212121212
0.493686868687
0.397727272727
0.551767676768
0.604797979798
0.445707070707
0.483585858586
0.582070707071
0.536616161616
0.473484848485
0.402777777778
0.534090909091
0.523989898990
0.539141414141
0.392676767677
0.622474747475
0.584595959596
0.425505050505
0.491161616162
0.412878787879
0.428030303030
0.476010101010
0.415404040404
0.521464646465
0.420454545455
0.463383838384
0.468434343434
0.440656565657
0.385101010101
0.400252525253
0.609848484848
0.387626262626
0.544191919192
0.405303030303
0.597222222222
0.592171717172
0.410353535354
0.556818181818
0.458333333333
0.488636363636
0.433080808081
0.607323232323
0.382575757576
0.417929292929
0.579545454545
0.566919191919
0.531565656566
0.435606060606
0.407828282828
0.541666666667
0.574494949495
0.486111111111
0.506313131313
0.390151515152
0.422979797980
0.430555555556
0.589646464646
0.375000000000
0.470959595960
0.450757575758
0.501262626263
0.438131313131
0.503787878788
0.587121212121
0.602272727273
0.599747474747
0.498737373737
0.561868686869
0.554292929293
0.478535353535
0.455808080808
0.559343434343
0.612373737374
0.571969696970
0.465909090909
0.516414141414
0.508838383838
0.549242424242
0.513888888889
0.546717171717
0.448232323232
0.443181818182
0.577020202020
0.511363636364
0.453282828283
0.614898989899
0.518939393939
0.529040404040
0.619949494949
0.460858585859
0.569444444444
0.594696969697
0.380050505051
0.625000000000
0.377525252525
Case #16:
0.375000000000
0.458333333333
0.187500000000
0.833333333333
0.701388888889
0.375000000000
0.479166666667
0.625000000000
0.597222222222
0.506250000000
0.722222222222
0.515625000000
0.502083333333
0.338541666667
0.458333333333
0.416666666667
0.625000000000
0.579166666667
0.125000000000
0.562500000000
0.375000000000
0.427083333333
0.312500000000
0.781250000000
0.350000000000
0.472222222222
0.583333333333
0.500000000000
0.208333333333
0.510416666667
0.583333333333
0.437500000000
0.324652777778
0.536458333333
0.535416666667
0.657407407407
0.468750000000
0.703125000000
0.236111111111
0.225694444444
0.572916666667
0.479166666667
0.479166666667
0.263888888889
0.312500000000
0.458333333333
0.738425925926
0.485416666667
0.552083333333
0.572222222222
0.333333333333
0.261111111111
0.437500000000
0.479166666667
0.233333333333
0.375000000000
0.552083333333
0.208333333333
0.627083333333
0.739583333333
0.589409722222
0.631597222222
0.619444444444
0.650000000000
0.715277777778
0.638888888889
0.687500000000
0.312500000000
0.336805555556
0.916666666667
0.303240740741
0.708333333333
0.673611111111
0.359375000000
0.541666666667
0.666666666667
0.479166666667
0.527777777778
0.791666666667
0.395833333333
0.350000000000
0.625000000000
0.322916666667
0.750000000000
0.583333333333
0.558333333333
0.687500000000
0.743055555556
0.177083333333
0.395833333333
0.651041666667
0.390625000000
0.416666666667
0.541666666667
0.458333333333
0.520833333333
0.454861111111
0.347222222222
0.806250000000
0.381944444444
Case #17:
0.528758278915
0.479433524007
0.529299118187
0.442582185423
0.518009205479
0.540898712288
0.513209813312
0.490920723419
0.539141233266
0.531697637516
0.542762052927
0.448787093193
0.488791919487
0.530891501628
0.447479716673
0.518176181503
0.387014354366
0.465448488369
0.524107877770
0.459232797495
0.541941073535
0.518061523396
0.531408754257
0.496726296426
0.499936732599
0.552400262377
0.574823658519
0.430430170215
0.523424098016
0.434992282691
0.566232500785
0.435954889911
0.526645473146
0.450782946855
0.507997394326
0.480467821992
0.514403279306
0.537701957568
0.522346774504
0.547642111309
0.559002906986
0.535458762953
0.534286679485
0.516797196420
0.430448298690
0.491486803751
0.378836724409
0.531432048917
0.450387354171
0.558533176386
0.476288417659
0.507078069472
0.514056098769
0.455724451465
0.528253717771
0.521412738764
0.541055241401
0.514515869533
0.541434132853
0.499588465235
0.530704698053
0.520235116764
0.495256081651
0.434221211141
0.448845307978
0.463589933842
0.377037159008
0.521191396163
0.455133955805
0.510383675144
0.546366955731
0.527852244051
0.537611821035
0.526227745214
0.458854740803
0.437435012456
0.518610500459
0.436982025807
0.518053216854
0.561559248722
Case #18:
0.500000000000
0.500000000000
0.500000000000
0.500000000000
0.500000000000
0.500000000000
0.500000000000
0.500000000000
0.500000000000
0.500000000000
0.500000000000
0.500000000000
0.500000000000
0.500000000000
0.500000000000
0.500000000000
0.500000000000
0.500000000000
0.500000000000
0.500000000000
0.500000000000
0.500000000000
0.500000000000
0.500000000000
0.500000000000
0.500000000000
0.500000000000
0.500000000000
0.500000000000
0.500000000000
0.500000000000
0.500000000000
0.500000000000
0.500000000000
0.500000000000
0.500000000000
0.500000000000
0.500000000000
0.500000000000
0.500000000000
0.500000000000
0.500000000000
0.500000000000
0.500000000000
0.500000000000
0.500000000000
0.500000000000
0.500000000000
0.500000000000
0.500000000000
0.500000000000
0.500000000000
0.500000000000
0.500000000000
0.500000000000
0.500000000000
0.500000000000
0.500000000000
0.500000000000
0.500000000000
0.500000000000
0.500000000000
0.500000000000
0.500000000000
0.500000000000
0.500000000000
0.500000000000
0.500000000000
0.500000000000
0.500000000000
0.500000000000
0.500000000000
0.500000000000
0.500000000000
0.500000000000
0.500000000000
0.500000000000
0.500000000000
0.500000000000
0.500000000000
0.500000000000
0.500000000000
0.500000000000
0.500000000000
0.500000000000
0.500000000000
0.500000000000
0.500000000000
0.500000000000
0.500000000000
0.500000000000
0.500000000000
0.500000000000
0.500000000000
0.500000000000
0.500000000000
0.500000000000
0.500000000000
0.500000000000
Case #19:
0.419085706069
0.556265697509
0.529454044573
0.531861597539
0.569163607742
0.499581644609
0.547964974671
0.518115913971
0.531851159647
0.523360226952
0.574085259102
0.516222030894
0.438914689719
0.457835721594
0.486806627978
0.409744737929
0.550339471077
0.434092611698
0.504417684731
0.533068349165
0.538274334028
0.504098189656
0.475338238548
0.481382177999
0.494766603750
0.496617232227
0.539134478092
0.513156616440
0.481396061337
0.486099516641
0.514058856350
0.419242248380
0.459392457000
0.532008475853
0.485110728051
0.514349359251
0.542921624564
0.500872079151
0.447000198295
0.431975055974
0.515887826473
Case #20:
0.419370557689
0.454087062198
0.538648854550
0.488103020587
0.492855339772
0.524829742720
0.545666185694
0.533227722003
0.491119022831
0.549107931149
0.510162591621
0.504460365656
0.509944362702
0.516800959592
0.542058641757
0.440344570401
0.521798463067
0.528704604309
0.398127258432
0.502980764815
0.538639347430
0.520154050347
0.514600797884
0.544820573159
0.522228194264
0.539212344412
0.455432015553
0.495619857297
0.509666506976
0.544218864252
0.515100858629
0.540944746308
0.534402714420
0.479202926269
0.505070462620
0.516690248478
0.410937892208
0.493242668234
0.517899745940
0.435060239030
0.503556807276
0.509877511420
0.539515243268
0.552257903639
0.549453038821
0.525995244186
0.524906873792
0.532465513469
0.450371392453
0.467971645390
0.544397724713
0.523752048982
0.507044070537
0.509434155286
0.496054297201
0.449276324915
0.491459171643
0.428615761464
0.497034520999
0.483943507246
0.537156074105
0.536761482144
0.456458953593
0.526607835884
0.503437108005
0.516342276272
0.475793318169
0.543974310649
0.537852042500
0.534156885131
0.563455171015
0.417240967079
0.507917718705
0.471512263340
0.461935145326
0.445289639805
0.493910268024
0.525910469317
0.520018574970
0.488062580133
0.505841777750
0.462727157855
0.498595340472
0.421454407450
0.512889338911
0.490237123746
0.423674463626
0.486428430572
0.436946142748
0.544176631744
0.479445759292
0.396492874701
0.434434149823
0.527676771521
0.534034428644
0.523732269848
0.480463108030
0.549516748822
0.515074781397
0.526821909386
