Case #1:
0.500000000000
0.500000000000
0.500000000000
Case #2:
0.645833333333
0.368055555556
0.604166666667
0.395833333333
Case #3:
0.208333333333
0.708333333333
0.500000000000
0.479166666667
0.687500000000
0.562500000000
0.340277777778
Case #4:
0.370465004454
0.445454735135
0.500118693311
0.619373494189
0.557919811154
0.519180990849
0.477232497166
0.553205487056
0.438997459103
0.513237315760
Case #5:
0.729166666667
0.494791666667
0.510416666667
0.354166666667
0.468750000000
0.750000000000
0.583333333333
0.260416666667
Case #6:
0.250000000000
0.437500000000
0.625000000000
0.375000000000
0.520833333333
0.625000000000
0.500000000000
0.562500000000
0.562500000000
Case #7:
0.538750000000
0.431250000000
0.631250000000
0.381250000000
0.588750000000
0.443750000000
Case #8:
0.000000000000
0.187500000000
0.250000000000
0.500000000000
0.750000000000
0.812500000000
1.000000000000
Case #9:
0.312500000000
0.312500000000
0.687500000000
0.687500000000
Case #10:
0.361111111111
0.401041666667
0.083333333333
0.111111111111
0.748263888889
0.401041666667
0.643518518519
0.631944444444
0.838541666667
0.475694444444
Case #11:
0.444444444444
0.125000000000
0.722222222222
0.638888888889
0.444444444444
Case #12:
0.479687500000
0.577083333333
0.608072916667
0.438194444444
0.514062500000
0.580729166667
0.472916666667
0.398958333333
Case #13:
0.625000000000
0.597222222222
0.569444444444
0.541666666667
0.513888888889
0.486111111111
0.458333333333
0.430555555556
0.402777777778
0.375000000000
Case #14:
0.480034722222
0.479166666667
0.800347222222
0.604166666667
0.403645833333
0.612268518519
0.405092592593
0.406250000000
0.354166666667
0.548611111111
Case #15:
0.625000000000
0.569444444444
0.375000000000
0.430555555556
0.513888888889
0.458333333333
0.486111111111
0.597222222222
0.402777777778
0.541666666667
Case #16:
0.500000000000
0.500000000000
0.500000000000
0.500000000000
0.500000000000
0.500000000000
0.500000000000
0.500000000000
0.500000000000
Case #17:
0.458333333333
0.541666666667
0.500000000000
0.500000000000
Case #18:
0.430555555556
0.541666666667
0.578125000000
0.570381393298
0.487048059965
0.512951940035
0.421875000000
0.429618606702
0.486111111111
0.541666666667
Case #19:
0.446570294785
0.551502267574
0.551502267574
0.480073696145
0.480073696145
0.515787981859
0.401785714286
0.568452380952
Case #20:
0.458333333333
0.541666666667
0.541666666667
0.458333333333
