Case #1: 3 4 6
Case #2: 6 11 15 18 20 21 33
Case #3: 10 14 16 18 21
Case #4: 7 17 27 37 47 57 67 77 87 97
Case #5: 6 7 8 9 10 11 12 13 14 15
Case #6: 3 5 6 11 13 14 18 23
Case #7: 113 123 165 174 191 203 223 258 270 320
Case #8: 11 12 15 17 19 20 23
Case #9: 7 14 21 28 35 42 49
Case #10: 2 3 4
Case #11: 3 4 7 9
Case #12: 6 7 9 10
Case #13: 2 22
Case #14: 1 2 3
Case #15: 2 3 5 7
Case #16: 3 5 10 15 18 23 24
Case #17: 3 4 5 6
Case #18: 15 18 19 23 24 28 31
Case #19: 3 4 5
Case #20: 2 4
Case #21: 9 11 15 16 19 21 22 24
Case #22: 12 14 16 17 19 20 22 24 28
Case #23: 4 8
Case #24: 7 12 14 18 20 21 25 27 34 37
Case #25: 4 7 10 14 17
Case #26: 25 28 54 58
Case #27: 2 6 8
Case #28: 3 5 6 11
Case #29: 10 11 13
Case #30: 6 8
Case #31: 12 15 16 18 21 23 25 28
Case #32: 2 6
Case #33: 21 32 40 41 46 51 55 62 68
Case #34: 7 10 13 14 17 19 21 22 25
Case #35: 7 10 13 14 17 18
Case #36: 3 6 7 9 11 12 14
Case #37: 2 10 11 12 13 14 15 16 17 48
Case #38: 53 72 78 105 122 132 167
Case #39: 2 6 10 14
Case #40: 22 222
Case #41: 15 21 24 30 37 38
Case #42: 2 3 4 6 7 8 10 12 13 14
Case #43: 5 8 10
Case #44: 26 28 34 38 46 48 52
Case #45: 4 5 6 7 8 9 10
Case #46: 22 27 33 38 40 45 46 47 53
Case #47: 7 13 15 17
Case #48: 9 12 16 20 22 23
Case #49: 6 8 10 13 14
Case #50: 1 2 4 5 6 7 8
